[2026-03-26 16:32:46Z INFO HostContext] No proxy settings were found based on environmental variables (http_proxy/https_proxy/HTTP_PROXY/HTTPS_PROXY)
[2026-03-26 16:32:46Z INFO HostContext] Well known directory 'Bin': 'D:\pcconfig\actions-runner\bin'
[2026-03-26 16:32:46Z INFO HostContext] Well known directory 'Root': 'D:\pcconfig\actions-runner'
[2026-03-26 16:32:46Z INFO HostContext] Well known config file 'Credentials': 'D:\pcconfig\actions-runner\.credentials'
[2026-03-26 16:32:46Z INFO HostContext] Well known directory 'Bin': 'D:\pcconfig\actions-runner\bin'
[2026-03-26 16:32:46Z INFO HostContext] Well known directory 'Root': 'D:\pcconfig\actions-runner'
[2026-03-26 16:32:46Z INFO HostContext] Well known config file 'Runner': 'D:\pcconfig\actions-runner\.runner'
[2026-03-26 16:32:46Z INFO Listener] Runner is built for Windows (X64) - win-x64.
[2026-03-26 16:32:46Z INFO Listener] RuntimeInformation: Microsoft Windows 10.0.26200.
[2026-03-26 16:32:46Z INFO Listener] Version: 2.333.0
[2026-03-26 16:32:46Z INFO Listener] Commit: 8d231aaf863e5fcdd02d35bdfda369feafd08adb
[2026-03-26 16:32:46Z INFO Listener] Culture: en-GB
[2026-03-26 16:32:46Z INFO Listener] UI Culture: en-GB
[2026-03-26 16:32:46Z INFO HostContext] Well known directory 'Bin': 'D:\pcconfig\actions-runner\bin'
[2026-03-26 16:32:46Z INFO HostContext] Well known directory 'Root': 'D:\pcconfig\actions-runner'
[2026-03-26 16:32:46Z INFO Listener] Validating directory permissions for: 'D:\pcconfig\actions-runner'
[2026-03-26 16:32:46Z INFO CommandLineParser] Parse
[2026-03-26 16:32:46Z INFO CommandLineParser] Parsing 5 args
[2026-03-26 16:32:46Z INFO CommandLineParser] parsing argument
[2026-03-26 16:32:46Z INFO CommandLineParser] HasArgs: False
[2026-03-26 16:32:46Z INFO CommandLineParser] Adding Command: configure
[2026-03-26 16:32:46Z INFO CommandLineParser] parsing argument
[2026-03-26 16:32:46Z INFO CommandLineParser] HasArgs: True
[2026-03-26 16:32:46Z INFO CommandLineParser] arg: url
[2026-03-26 16:32:46Z INFO CommandLineParser] parsing argument
[2026-03-26 16:32:46Z INFO CommandLineParser] HasArgs: True
[2026-03-26 16:32:46Z INFO CommandLineParser] Adding option 'url': 'https://github.com/VaishaghG/PC-Confgis-Web-Page'
[2026-03-26 16:32:46Z INFO CommandLineParser] parsing argument
[2026-03-26 16:32:46Z INFO CommandLineParser] HasArgs: True
[2026-03-26 16:32:46Z INFO CommandLineParser] arg: token
[2026-03-26 16:32:46Z INFO CommandLineParser] parsing argument
[2026-03-26 16:32:46Z INFO CommandLineParser] HasArgs: True
[2026-03-26 16:32:46Z INFO CommandLineParser] Adding option 'token': '***'
[2026-03-26 16:32:46Z INFO Listener] Arguments parsed
[2026-03-26 16:32:46Z INFO Runner] ExecuteCommand
[2026-03-26 16:32:46Z INFO ConfigurationStore] currentAssemblyLocation: D:\pcconfig\actions-runner\bin\Runner.Listener.dll
[2026-03-26 16:32:46Z INFO HostContext] Well known directory 'Bin': 'D:\pcconfig\actions-runner\bin'
[2026-03-26 16:32:46Z INFO ConfigurationStore] binPath: D:\pcconfig\actions-runner\bin
[2026-03-26 16:32:46Z INFO HostContext] Well known directory 'Bin': 'D:\pcconfig\actions-runner\bin'
[2026-03-26 16:32:46Z INFO HostContext] Well known directory 'Root': 'D:\pcconfig\actions-runner'
[2026-03-26 16:32:46Z INFO ConfigurationStore] RootFolder: D:\pcconfig\actions-runner
[2026-03-26 16:32:46Z INFO HostContext] Well known directory 'Bin': 'D:\pcconfig\actions-runner\bin'
[2026-03-26 16:32:46Z INFO HostContext] Well known directory 'Root': 'D:\pcconfig\actions-runner'
[2026-03-26 16:32:46Z INFO HostContext] Well known config file 'Runner': 'D:\pcconfig\actions-runner\.runner'
[2026-03-26 16:32:46Z INFO ConfigurationStore] ConfigFilePath: D:\pcconfig\actions-runner\.runner
[2026-03-26 16:32:46Z INFO HostContext] Well known directory 'Bin': 'D:\pcconfig\actions-runner\bin'
[2026-03-26 16:32:46Z INFO HostContext] Well known directory 'Root': 'D:\pcconfig\actions-runner'
[2026-03-26 16:32:46Z INFO HostContext] Well known config file 'MigratedRunner': 'D:\pcconfig\actions-runner\.runner_migrated'
[2026-03-26 16:32:46Z INFO ConfigurationStore] MigratedConfigFilePath: D:\pcconfig\actions-runner\.runner_migrated
[2026-03-26 16:32:46Z INFO HostContext] Well known directory 'Bin': 'D:\pcconfig\actions-runner\bin'
[2026-03-26 16:32:46Z INFO HostContext] Well known directory 'Root': 'D:\pcconfig\actions-runner'
[2026-03-26 16:32:46Z INFO HostContext] Well known config file 'Credentials': 'D:\pcconfig\actions-runner\.credentials'
[2026-03-26 16:32:46Z INFO ConfigurationStore] CredFilePath: D:\pcconfig\actions-runner\.credentials
[2026-03-26 16:32:46Z INFO HostContext] Well known directory 'Bin': 'D:\pcconfig\actions-runner\bin'
[2026-03-26 16:32:46Z INFO HostContext] Well known directory 'Root': 'D:\pcconfig\actions-runner'
[2026-03-26 16:32:46Z INFO HostContext] Well known config file 'MigratedCredentials': 'D:\pcconfig\actions-runner\.credentials_migrated'
[2026-03-26 16:32:46Z INFO ConfigurationStore] MigratedCredFilePath: D:\pcconfig\actions-runner\.credentials_migrated
[2026-03-26 16:32:46Z INFO HostContext] Well known directory 'Bin': 'D:\pcconfig\actions-runner\bin'
[2026-03-26 16:32:46Z INFO HostContext] Well known directory 'Root': 'D:\pcconfig\actions-runner'
[2026-03-26 16:32:46Z INFO HostContext] Well known config file 'Service': 'D:\pcconfig\actions-runner\.service'
[2026-03-26 16:32:46Z INFO ConfigurationStore] ServiceConfigFilePath: D:\pcconfig\actions-runner\.service
[2026-03-26 16:32:46Z INFO CommandSettings] Flag 'help': 'False'
[2026-03-26 16:32:46Z INFO CommandSettings] Flag 'version': 'False'
[2026-03-26 16:32:46Z INFO CommandSettings] Flag 'commit': 'False'
[2026-03-26 16:32:46Z INFO CommandSettings] Flag 'check': 'False'
[2026-03-26 16:32:46Z INFO CommandSettings] Command 'configure': 'True'
[2026-03-26 16:32:46Z INFO Terminal] WRITE LINE: 
[2026-03-26 16:32:46Z INFO Terminal] WRITE LINE: --------------------------------------------------------------------------------
[2026-03-26 16:32:46Z INFO Terminal] WRITE LINE: |        ____ _ _   _   _       _          _        _   _                      |
[2026-03-26 16:32:46Z INFO Terminal] WRITE LINE: |       / ___(_) |_| | | |_   _| |__      / \   ___| |_(_) ___  _ __  ___      |
[2026-03-26 16:32:46Z INFO Terminal] WRITE LINE: |      | |  _| | __| |_| | | | | '_ \    / _ \ / __| __| |/ _ \| '_ \/ __|     |
[2026-03-26 16:32:46Z INFO Terminal] WRITE LINE: |      | |_| | | |_|  _  | |_| | |_) |  / ___ \ (__| |_| | (_) | | | \__ \     |
[2026-03-26 16:32:46Z INFO Terminal] WRITE LINE: |       \____|_|\__|_| |_|\__,_|_.__/  /_/   \_\___|\__|_|\___/|_| |_|___/     |
[2026-03-26 16:32:46Z INFO Terminal] WRITE LINE: |                                                                              |
[2026-03-26 16:32:46Z INFO Terminal] WRITE: |                       
[2026-03-26 16:32:46Z INFO Terminal] WRITE: Self-hosted runner registration
[2026-03-26 16:32:46Z INFO Terminal] WRITE LINE:                         |
[2026-03-26 16:32:46Z INFO Terminal] WRITE LINE: |                                                                              |
[2026-03-26 16:32:46Z INFO Terminal] WRITE LINE: --------------------------------------------------------------------------------
[2026-03-26 16:32:46Z INFO ConfigurationManager] ConfigureAsync
[2026-03-26 16:32:46Z INFO CommandSettings] Flag 'generateServiceConfig': 'False'
[2026-03-26 16:32:46Z INFO ConfigurationStore] IsConfigured()
[2026-03-26 16:32:46Z INFO ConfigurationStore] IsConfigured: False
[2026-03-26 16:32:46Z INFO ConfigurationManager] Is configured: False
[2026-03-26 16:32:46Z INFO CommandSettings] Arg 'url': 'https://github.com/VaishaghG/PC-Confgis-Web-Page'
[2026-03-26 16:32:46Z INFO CommandSettings] Remove url from Arg dictionary.
[2026-03-26 16:32:46Z INFO CommandSettings] Arg 'token': '***'
[2026-03-26 16:32:46Z INFO CommandSettings] Remove token from Arg dictionary.
[2026-03-26 16:32:48Z INFO ConfigurationManager] Http response code: OK from 'POST https://api.github.com/actions/runner-registration' (6A7A:A964F:22A7D9:262B85:69C55FB2)
[2026-03-26 16:32:48Z INFO ConfigurationManager] Using runner-admin flow: False
[2026-03-26 16:32:48Z INFO ConfigurationManager] cred retrieved via GitHub auth
[2026-03-26 16:32:48Z INFO RunnerServer] EstablishVssConnection
[2026-03-26 16:32:48Z INFO RunnerServer] Establish connection with 100 seconds timeout.
[2026-03-26 16:32:48Z INFO GitHubActionsService] Starting operation Location.GetConnectionData
[2026-03-26 16:32:48Z INFO RunnerServer] EstablishVssConnection
[2026-03-26 16:32:48Z INFO RunnerServer] Establish connection with 60 seconds timeout.
[2026-03-26 16:32:48Z INFO GitHubActionsService] Starting operation Location.GetConnectionData
[2026-03-26 16:32:48Z INFO RunnerServer] EstablishVssConnection
[2026-03-26 16:32:48Z INFO RunnerServer] Establish connection with 60 seconds timeout.
[2026-03-26 16:32:48Z INFO GitHubActionsService] Starting operation Location.GetConnectionData
[2026-03-26 16:32:50Z INFO GitHubActionsService] Finished operation Location.GetConnectionData
[2026-03-26 16:32:50Z INFO GitHubActionsService] Finished operation Location.GetConnectionData
[2026-03-26 16:32:50Z INFO GitHubActionsService] Finished operation Location.GetConnectionData
[2026-03-26 16:32:50Z INFO Terminal] WRITE LINE: 
[2026-03-26 16:32:50Z INFO ConfigurationManager] Test Connection complete.
[2026-03-26 16:32:50Z INFO HostContext] Well known directory 'Bin': 'D:\pcconfig\actions-runner\bin'
[2026-03-26 16:32:50Z INFO HostContext] Well known directory 'Root': 'D:\pcconfig\actions-runner'
[2026-03-26 16:32:50Z INFO HostContext] Well known config file 'RSACredentials': 'D:\pcconfig\actions-runner\.credentials_rsaparams'
[2026-03-26 16:32:50Z INFO RSAEncryptedFileKeyManager] Creating new RSA key using 2048-bit key length
[2026-03-26 16:32:50Z INFO RSAEncryptedFileKeyManager] Successfully saved RSA key parameters to file D:\pcconfig\actions-runner\.credentials_rsaparams
[2026-03-26 16:32:50Z INFO CommandSettings] Arg 'runnergroup': ''
[2026-03-26 16:32:50Z INFO CommandSettings] Flag 'unattended': 'False'
[2026-03-26 16:32:50Z INFO PromptManager] ReadValue
[2026-03-26 16:32:50Z INFO Terminal] WRITE: Enter the name of the runner group to add this runner to: 
[2026-03-26 16:32:50Z INFO Terminal] WRITE: [press Enter for Default] 
[2026-03-26 16:32:50Z INFO Terminal] READ LINE
[2026-03-26 16:32:54Z INFO Terminal] Read value: ''
[2026-03-26 16:32:54Z INFO PromptManager] Falling back to the default: 'Default'
[2026-03-26 16:32:54Z INFO Terminal] WRITE LINE: 
[2026-03-26 16:32:54Z INFO ConfigurationManager] Found a self-hosted runner group with id 1 and name Default
[2026-03-26 16:32:54Z INFO CommandSettings] Flag 'disableupdate': 'False'
[2026-03-26 16:32:54Z INFO CommandSettings] Flag 'ephemeral': 'False'
[2026-03-26 16:32:54Z INFO CommandSettings] Arg 'name': ''
[2026-03-26 16:32:54Z INFO CommandSettings] Flag 'unattended': 'False'
[2026-03-26 16:32:54Z INFO PromptManager] ReadValue
[2026-03-26 16:32:54Z INFO Terminal] WRITE: Enter the name of runner: 
[2026-03-26 16:32:54Z INFO Terminal] WRITE: [press Enter for JARVIS] 
[2026-03-26 16:32:54Z INFO Terminal] READ LINE
[2026-03-26 16:32:56Z INFO Terminal] Read value: ''
[2026-03-26 16:32:56Z INFO PromptManager] Falling back to the default: 'JARVIS'
[2026-03-26 16:32:56Z INFO Terminal] WRITE LINE: 
[2026-03-26 16:32:56Z INFO CommandSettings] Arg 'labels': ''
[2026-03-26 16:32:56Z INFO CommandSettings] Flag 'unattended': 'False'
[2026-03-26 16:32:56Z INFO PromptManager] ReadValue
[2026-03-26 16:32:56Z INFO Terminal] WRITE: This runner will have the following labels: 'self-hosted', 'Windows', 'X64' 
Enter any additional labels (ex. label-1,label-2): 
[2026-03-26 16:32:56Z INFO Terminal] WRITE: [press Enter to skip] 
[2026-03-26 16:32:56Z INFO Terminal] READ LINE
[2026-03-26 16:32:59Z INFO Terminal] Read value: ''
[2026-03-26 16:32:59Z INFO Terminal] WRITE LINE: 
[2026-03-26 16:32:59Z INFO CommandSettings] Flag 'disableupdate': 'False'
[2026-03-26 16:32:59Z INFO CommandSettings] Flag 'no-default-labels': 'False'
[2026-03-26 16:33:00Z INFO CommandSettings] Flag 'disableupdate': 'False'
[2026-03-26 16:33:00Z INFO CommandSettings] Flag 'ephemeral': 'False'
[2026-03-26 16:33:00Z INFO ConfigurationStore] Saving OAuth credential @ D:\pcconfig\actions-runner\.credentials
[2026-03-26 16:33:00Z INFO ConfigurationStore] Credentials Saved.
[2026-03-26 16:33:00Z INFO ConfigurationManager] Service enforced serverUrlV2: https://broker.actions.githubusercontent.com/
[2026-03-26 16:33:00Z INFO ConfigurationManager] Service enforced useV2Flow: True
[2026-03-26 16:33:00Z INFO CommandSettings] Arg 'work': ''
[2026-03-26 16:33:00Z INFO CommandSettings] Flag 'unattended': 'False'
[2026-03-26 16:33:00Z INFO PromptManager] ReadValue
[2026-03-26 16:33:00Z INFO Terminal] WRITE: Enter name of work folder: 
[2026-03-26 16:33:00Z INFO Terminal] WRITE: [press Enter for _work] 
[2026-03-26 16:33:00Z INFO Terminal] READ LINE
[2026-03-26 16:33:02Z INFO Terminal] Read value: ''
[2026-03-26 16:33:02Z INFO PromptManager] Falling back to the default: '_work'
[2026-03-26 16:33:02Z INFO ConfigurationStore] Saving runner settings.
[2026-03-26 16:33:02Z INFO ConfigurationStore] Settings Saved.
[2026-03-26 16:33:02Z INFO Terminal] WRITE LINE: 
[2026-03-26 16:33:02Z INFO Terminal] WRITE LINE: 
[2026-03-26 16:33:02Z INFO CommandSettings] Flag 'runasservice': 'False'
[2026-03-26 16:33:02Z INFO CommandSettings] Flag 'unattended': 'False'
[2026-03-26 16:33:02Z INFO PromptManager] ReadValue
[2026-03-26 16:33:02Z INFO Terminal] WRITE: Would you like to run the runner as service? (Y/N) 
[2026-03-26 16:33:02Z INFO Terminal] WRITE: [press Enter for N] 
[2026-03-26 16:33:02Z INFO Terminal] READ LINE
[2026-03-26 16:33:12Z INFO Terminal] Read value: 'y'
[2026-03-26 16:33:12Z INFO ConfigurationManager] Configuring to run the agent as service
[2026-03-26 16:33:12Z INFO CommandSettings] Arg 'windowslogonaccount': ''
[2026-03-26 16:33:12Z INFO CommandSettings] Flag 'unattended': 'False'
[2026-03-26 16:33:12Z INFO PromptManager] ReadValue
[2026-03-26 16:33:12Z INFO Terminal] WRITE: User account to use for the service 
[2026-03-26 16:33:12Z INFO Terminal] WRITE: [press Enter for NT AUTHORITY\NETWORK SERVICE] 
[2026-03-26 16:33:12Z INFO Terminal] READ LINE
[2026-03-26 16:33:18Z INFO Terminal] Read value: ''
[2026-03-26 16:33:18Z INFO PromptManager] Falling back to the default: 'NT AUTHORITY\NETWORK SERVICE'
[2026-03-26 16:33:18Z INFO WindowsServiceControlManager] LogonAccount after transforming: NT AUTHORITY\NETWORK SERVICE, user: NETWORK SERVICE, domain: NT AUTHORITY
[2026-03-26 16:33:18Z INFO WindowsServiceControlManager] Service name 'actions.runner.VaishaghG-PC-Confgis-Web-Page.JARVIS' display name 'GitHub Actions Runner (VaishaghG-PC-Confgis-Web-Page.JARVIS)' will be used for service configuration.
[2026-03-26 16:33:18Z INFO WindowsServiceControlManager] Verifying if the account has LogonAsService permission
[2026-03-26 16:33:18Z INFO NativeWindowsServiceHelper] Successfully grant logon as service privilege to account 'NETWORK SERVICE'
[2026-03-26 16:33:18Z INFO WindowsServiceControlManager] Create local group and grant folder permission to service logon account.
[2026-03-26 16:33:18Z INFO HostContext] Well known directory 'Bin': 'D:\pcconfig\actions-runner\bin'
[2026-03-26 16:33:18Z INFO HostContext] Well known directory 'Root': 'D:\pcconfig\actions-runner'
[2026-03-26 16:33:18Z INFO ConfigurationStore] Read setting file: 400 chars
[2026-03-26 16:33:18Z INFO HostContext] Well known directory 'Bin': 'D:\pcconfig\actions-runner\bin'
[2026-03-26 16:33:18Z INFO HostContext] Well known directory 'Root': 'D:\pcconfig\actions-runner'
[2026-03-26 16:33:18Z INFO HostContext] Well known directory 'Work': 'D:\pcconfig\actions-runner\_work'
[2026-03-26 16:33:18Z INFO HostContext] Well known directory 'Bin': 'D:\pcconfig\actions-runner\bin'
[2026-03-26 16:33:18Z INFO NativeWindowsServiceHelper] Calculated unique group name GITHUB_ActionsRunner_Gfff7c
[2026-03-26 16:33:18Z INFO NativeWindowsServiceHelper] Trying to create group GITHUB_ActionsRunner_Gfff7c
[2026-03-26 16:33:18Z INFO NativeWindowsServiceHelper] Local Group 'GITHUB_ActionsRunner_Gfff7c' created
[2026-03-26 16:33:18Z INFO NativeWindowsServiceHelper] Trying to add userName NT AUTHORITY\NETWORK SERVICE to the group GITHUB_ActionsRunner_Gfff7c
[2026-03-26 16:33:18Z INFO NativeWindowsServiceHelper] Account 'NT AUTHORITY\NETWORK SERVICE' is added to local group 'GITHUB_ActionsRunner_Gfff7c'.
[2026-03-26 16:33:18Z INFO NativeWindowsServiceHelper] Set full access control to group for the folder D:\pcconfig\actions-runner
[2026-03-26 16:33:18Z INFO NativeWindowsServiceHelper] Set full access control to group for the folder D:\pcconfig\actions-runner\_work
[2026-03-26 16:33:18Z INFO NativeWindowsServiceHelper] Local group 'GITHUB_ActionsRunner_Gfff7c' already has full control to path 'D:\pcconfig\actions-runner\_work'.
[2026-03-26 16:33:18Z INFO Terminal] WRITE LINE: Granting file permissions to 'NT AUTHORITY\NETWORK SERVICE'.
[2026-03-26 16:33:18Z INFO HostContext] Well known directory 'Bin': 'D:\pcconfig\actions-runner\bin'
[2026-03-26 16:33:18Z INFO ProcessInvokerWrapper] Starting process:
[2026-03-26 16:33:18Z INFO ProcessInvokerWrapper]   File name: '"D:\pcconfig\actions-runner\bin\RunnerService.exe"'
[2026-03-26 16:33:18Z INFO ProcessInvokerWrapper]   Arguments: 'init'
[2026-03-26 16:33:18Z INFO ProcessInvokerWrapper]   Working directory: ''
[2026-03-26 16:33:18Z INFO ProcessInvokerWrapper]   Require exit code zero: 'True'
[2026-03-26 16:33:18Z INFO ProcessInvokerWrapper]   Encoding web name:  ; code page: ''
[2026-03-26 16:33:18Z INFO ProcessInvokerWrapper]   Force kill process on cancellation: 'False'
[2026-03-26 16:33:18Z INFO ProcessInvokerWrapper]   Redirected STDIN: 'False'
[2026-03-26 16:33:18Z INFO ProcessInvokerWrapper]   Persist current code page: 'False'
[2026-03-26 16:33:18Z INFO ProcessInvokerWrapper]   Keep redirected STDIN open: 'False'
[2026-03-26 16:33:18Z INFO ProcessInvokerWrapper]   High priority process: 'False'
[2026-03-26 16:33:18Z INFO ProcessInvokerWrapper] Process started with process id 22964, waiting for process exit.
[2026-03-26 16:33:18Z INFO ProcessInvokerWrapper] STDOUT/STDERR stream read finished.
[2026-03-26 16:33:18Z INFO ProcessInvokerWrapper] STDOUT/STDERR stream read finished.
[2026-03-26 16:33:18Z INFO ProcessInvokerWrapper] Finished process 22964 with exit code 0, and elapsed time 00:00:00.1949797.
[2026-03-26 16:33:18Z INFO Terminal] WRITE LINE: Service actions.runner.VaishaghG-PC-Confgis-Web-Page.JARVIS successfully installed
[2026-03-26 16:33:18Z INFO Terminal] WRITE LINE: Service actions.runner.VaishaghG-PC-Confgis-Web-Page.JARVIS successfully set recovery option
[2026-03-26 16:33:18Z INFO Terminal] WRITE LINE: Service actions.runner.VaishaghG-PC-Confgis-Web-Page.JARVIS successfully set to delayed auto start
[2026-03-26 16:33:18Z INFO Terminal] WRITE LINE: Service actions.runner.VaishaghG-PC-Confgis-Web-Page.JARVIS successfully configured
[2026-03-26 16:33:18Z INFO HostContext] Well known directory 'Bin': 'D:\pcconfig\actions-runner\bin'
[2026-03-26 16:33:18Z INFO HostContext] Well known directory 'Root': 'D:\pcconfig\actions-runner'
[2026-03-26 16:33:18Z INFO HostContext] Well known config file 'Service': 'D:\pcconfig\actions-runner\.service'
[2026-03-26 16:33:18Z INFO WindowsServiceControlManager] Configuration was successful, trying to start the service
[2026-03-26 16:33:18Z INFO Terminal] WRITE LINE: Waiting for service to start...
[2026-03-26 16:33:18Z INFO Terminal] WRITE LINE: Service actions.runner.VaishaghG-PC-Confgis-Web-Page.JARVIS started successfully
[2026-03-26 16:33:18Z INFO Listener] Runner execution has finished with return code 0
