[2026-03-26 16:33:27Z INFO HostContext] No proxy settings were found based on environmental variables (http_proxy/https_proxy/HTTP_PROXY/HTTPS_PROXY)
[2026-03-26 16:33:27Z INFO HostContext] Well known directory 'Bin': 'D:\pcconfig\actions-runner\bin'
[2026-03-26 16:33:27Z INFO HostContext] Well known directory 'Root': 'D:\pcconfig\actions-runner'
[2026-03-26 16:33:27Z INFO HostContext] Well known config file 'Credentials': 'D:\pcconfig\actions-runner\.credentials'
[2026-03-26 16:33:27Z INFO HostContext] Well known directory 'Bin': 'D:\pcconfig\actions-runner\bin'
[2026-03-26 16:33:27Z INFO HostContext] Well known directory 'Root': 'D:\pcconfig\actions-runner'
[2026-03-26 16:33:27Z INFO HostContext] Well known config file 'Runner': 'D:\pcconfig\actions-runner\.runner'
[2026-03-26 16:33:27Z INFO Listener] Runner is built for Windows (X64) - win-x64.
[2026-03-26 16:33:27Z INFO Listener] RuntimeInformation: Microsoft Windows 10.0.26200.
[2026-03-26 16:33:27Z INFO Listener] Version: 2.333.0
[2026-03-26 16:33:27Z INFO Listener] Commit: 8d231aaf863e5fcdd02d35bdfda369feafd08adb
[2026-03-26 16:33:27Z INFO Listener] Culture: en-GB
[2026-03-26 16:33:27Z INFO Listener] UI Culture: en-GB
[2026-03-26 16:33:27Z INFO HostContext] Well known directory 'Bin': 'D:\pcconfig\actions-runner\bin'
[2026-03-26 16:33:27Z INFO HostContext] Well known directory 'Root': 'D:\pcconfig\actions-runner'
[2026-03-26 16:33:27Z INFO Listener] Validating directory permissions for: 'D:\pcconfig\actions-runner'
[2026-03-26 16:33:27Z INFO CommandLineParser] Parse
[2026-03-26 16:33:27Z INFO CommandLineParser] Parsing 1 args
[2026-03-26 16:33:27Z INFO CommandLineParser] parsing argument
[2026-03-26 16:33:27Z INFO CommandLineParser] HasArgs: False
[2026-03-26 16:33:27Z INFO CommandLineParser] Adding Command: run
[2026-03-26 16:33:27Z INFO Listener] Arguments parsed
[2026-03-26 16:33:27Z INFO Runner] ExecuteCommand
[2026-03-26 16:33:27Z INFO ConfigurationStore] currentAssemblyLocation: D:\pcconfig\actions-runner\bin\Runner.Listener.dll
[2026-03-26 16:33:27Z INFO HostContext] Well known directory 'Bin': 'D:\pcconfig\actions-runner\bin'
[2026-03-26 16:33:27Z INFO ConfigurationStore] binPath: D:\pcconfig\actions-runner\bin
[2026-03-26 16:33:27Z INFO HostContext] Well known directory 'Bin': 'D:\pcconfig\actions-runner\bin'
[2026-03-26 16:33:27Z INFO HostContext] Well known directory 'Root': 'D:\pcconfig\actions-runner'
[2026-03-26 16:33:27Z INFO ConfigurationStore] RootFolder: D:\pcconfig\actions-runner
[2026-03-26 16:33:27Z INFO HostContext] Well known directory 'Bin': 'D:\pcconfig\actions-runner\bin'
[2026-03-26 16:33:27Z INFO HostContext] Well known directory 'Root': 'D:\pcconfig\actions-runner'
[2026-03-26 16:33:27Z INFO HostContext] Well known config file 'Runner': 'D:\pcconfig\actions-runner\.runner'
[2026-03-26 16:33:27Z INFO ConfigurationStore] ConfigFilePath: D:\pcconfig\actions-runner\.runner
[2026-03-26 16:33:27Z INFO HostContext] Well known directory 'Bin': 'D:\pcconfig\actions-runner\bin'
[2026-03-26 16:33:27Z INFO HostContext] Well known directory 'Root': 'D:\pcconfig\actions-runner'
[2026-03-26 16:33:27Z INFO HostContext] Well known config file 'MigratedRunner': 'D:\pcconfig\actions-runner\.runner_migrated'
[2026-03-26 16:33:27Z INFO ConfigurationStore] MigratedConfigFilePath: D:\pcconfig\actions-runner\.runner_migrated
[2026-03-26 16:33:27Z INFO HostContext] Well known directory 'Bin': 'D:\pcconfig\actions-runner\bin'
[2026-03-26 16:33:27Z INFO HostContext] Well known directory 'Root': 'D:\pcconfig\actions-runner'
[2026-03-26 16:33:27Z INFO HostContext] Well known config file 'Credentials': 'D:\pcconfig\actions-runner\.credentials'
[2026-03-26 16:33:27Z INFO ConfigurationStore] CredFilePath: D:\pcconfig\actions-runner\.credentials
[2026-03-26 16:33:27Z INFO HostContext] Well known directory 'Bin': 'D:\pcconfig\actions-runner\bin'
[2026-03-26 16:33:27Z INFO HostContext] Well known directory 'Root': 'D:\pcconfig\actions-runner'
[2026-03-26 16:33:27Z INFO HostContext] Well known config file 'MigratedCredentials': 'D:\pcconfig\actions-runner\.credentials_migrated'
[2026-03-26 16:33:27Z INFO ConfigurationStore] MigratedCredFilePath: D:\pcconfig\actions-runner\.credentials_migrated
[2026-03-26 16:33:27Z INFO HostContext] Well known directory 'Bin': 'D:\pcconfig\actions-runner\bin'
[2026-03-26 16:33:27Z INFO HostContext] Well known directory 'Root': 'D:\pcconfig\actions-runner'
[2026-03-26 16:33:27Z INFO HostContext] Well known config file 'Service': 'D:\pcconfig\actions-runner\.service'
[2026-03-26 16:33:27Z INFO ConfigurationStore] ServiceConfigFilePath: D:\pcconfig\actions-runner\.service
[2026-03-26 16:33:27Z INFO CommandSettings] Flag 'help': 'False'
[2026-03-26 16:33:27Z INFO CommandSettings] Flag 'version': 'False'
[2026-03-26 16:33:27Z INFO CommandSettings] Flag 'commit': 'False'
[2026-03-26 16:33:27Z INFO CommandSettings] Flag 'check': 'False'
[2026-03-26 16:33:27Z INFO CommandSettings] Command 'configure': 'False'
[2026-03-26 16:33:27Z INFO CommandSettings] Command 'remove': 'False'
[2026-03-26 16:33:27Z INFO CommandSettings] Command 'warmup': 'False'
[2026-03-26 16:33:27Z INFO ConfigurationManager] LoadSettings
[2026-03-26 16:33:27Z INFO ConfigurationStore] IsConfigured()
[2026-03-26 16:33:27Z INFO ConfigurationStore] IsConfigured: True
[2026-03-26 16:33:27Z INFO ConfigurationManager] Is configured: True
[2026-03-26 16:33:27Z INFO ConfigurationStore] Read setting file: 400 chars
[2026-03-26 16:33:27Z INFO ConfigurationManager] Settings Loaded
[2026-03-26 16:33:27Z INFO ConfigurationStore] IsServiceConfigured()
[2026-03-26 16:33:27Z INFO ConfigurationStore] IsServiceConfigured: True
[2026-03-26 16:33:27Z INFO CommandSettings] Command 'run': 'True'
[2026-03-26 16:33:27Z INFO ConfigurationStore] IsConfigured()
[2026-03-26 16:33:27Z INFO ConfigurationStore] IsConfigured: True
[2026-03-26 16:33:27Z INFO ConfigurationManager] Is configured: True
[2026-03-26 16:33:27Z INFO Runner] Try determine runner startup type base on console redirects.
[2026-03-26 16:33:27Z INFO Runner] Set runner startup type - Manual
[2026-03-26 16:33:27Z INFO CommandSettings] Flag 'once': 'False'
[2026-03-26 16:33:27Z INFO CommandSettings] Flag 'once': 'False'
[2026-03-26 16:33:27Z INFO Runner] RunAsync
[2026-03-26 16:33:27Z INFO HostContext] Well known directory 'Bin': 'D:\pcconfig\actions-runner\bin'
[2026-03-26 16:33:27Z INFO HostContext] Well known directory 'Root': 'D:\pcconfig\actions-runner'
[2026-03-26 16:33:27Z INFO HostContext] Well known directory 'Work': 'D:\pcconfig\actions-runner\_work'
[2026-03-26 16:33:27Z INFO Runner] Validating directory permissions for: 'D:\pcconfig\actions-runner\_work'
[2026-03-26 16:33:27Z INFO ConfigurationManager] LoadMigratedSettings
[2026-03-26 16:33:27Z INFO ConfigurationStore] IsMigratedConfigured()
[2026-03-26 16:33:27Z INFO ConfigurationStore] IsMigratedConfigured: False
[2026-03-26 16:33:27Z INFO Runner] Failed to load migrated settings: No migrated configuration found.
[2026-03-26 16:33:27Z INFO Runner] Falling back to original .runner settings
[2026-03-26 16:33:27Z INFO Runner] Using BrokerMessageListener
[2026-03-26 16:33:27Z INFO BrokerMessageListener] Using provided settings
[2026-03-26 16:33:27Z INFO BrokerMessageListener] {
  "AgentId": 21,
  "AgentName": "JARVIS",
  "PoolId": 1,
  "PoolName": "Default",
  "ServerUrl": "https://pipelinesghubeus23.actions.githubusercontent.com/Of0P1w4zbgS9TfvcFwinRkqCRu13VoRpXpmuyPF6WXx8cshEQa/",
  "GitHubUrl": "https://github.com/VaishaghG/PC-Confgis-Web-Page",
  "WorkFolder": "_work",
  "UseV2Flow": true,
  "ServerUrlV2": "https://broker.actions.githubusercontent.com/"
}
[2026-03-26 16:33:27Z INFO BrokerMessageListener] Loading Credentials
[2026-03-26 16:33:27Z INFO ConfigurationStore] HasCredentials()
[2026-03-26 16:33:27Z INFO ConfigurationStore] stored True
[2026-03-26 16:33:27Z INFO CredentialManager] GetCredentialProvider
[2026-03-26 16:33:27Z INFO CredentialManager] Creating type OAuth
[2026-03-26 16:33:27Z INFO CredentialManager] Creating credential type: OAuth
[2026-03-26 16:33:27Z INFO HostContext] Well known directory 'Bin': 'D:\pcconfig\actions-runner\bin'
[2026-03-26 16:33:27Z INFO HostContext] Well known directory 'Root': 'D:\pcconfig\actions-runner'
[2026-03-26 16:33:27Z INFO HostContext] Well known config file 'RSACredentials': 'D:\pcconfig\actions-runner\.credentials_rsaparams'
[2026-03-26 16:33:27Z INFO RSAEncryptedFileKeyManager] Loading RSA key parameters from file D:\pcconfig\actions-runner\.credentials_rsaparams
[2026-03-26 16:33:27Z INFO BrokerMessageListener] Attempt to create session.
[2026-03-26 16:33:27Z INFO BrokerMessageListener] Connecting to the Broker Server...
[2026-03-26 16:33:27Z INFO ConfigurationStore] HasCredentials()
[2026-03-26 16:33:27Z INFO ConfigurationStore] stored True
[2026-03-26 16:33:27Z INFO CredentialManager] GetCredentialProvider
[2026-03-26 16:33:27Z INFO CredentialManager] Creating type OAuth
[2026-03-26 16:33:27Z INFO CredentialManager] Creating credential type: OAuth
[2026-03-26 16:33:27Z INFO RSAEncryptedFileKeyManager] Loading RSA key parameters from file D:\pcconfig\actions-runner\.credentials_rsaparams
[2026-03-26 16:33:27Z INFO BrokerMessageListener] VssConnection created
[2026-03-26 16:33:27Z INFO BrokerMessageListener] Connecting to the Runner server...
[2026-03-26 16:33:27Z INFO RunnerServer] EstablishVssConnection
[2026-03-26 16:33:27Z INFO RunnerServer] Establish connection with 100 seconds timeout.
[2026-03-26 16:33:27Z INFO GitHubActionsService] Starting operation Location.GetConnectionData
[2026-03-26 16:33:27Z INFO RunnerServer] EstablishVssConnection
[2026-03-26 16:33:27Z INFO RunnerServer] Establish connection with 60 seconds timeout.
[2026-03-26 16:33:27Z INFO GitHubActionsService] Starting operation Location.GetConnectionData
[2026-03-26 16:33:27Z INFO RunnerServer] EstablishVssConnection
[2026-03-26 16:33:27Z INFO RunnerServer] Establish connection with 60 seconds timeout.
[2026-03-26 16:33:27Z INFO GitHubActionsService] Starting operation Location.GetConnectionData
[2026-03-26 16:33:28Z INFO GitHubActionsService] Finished operation Location.GetConnectionData
[2026-03-26 16:33:28Z INFO GitHubActionsService] Finished operation Location.GetConnectionData
[2026-03-26 16:33:28Z INFO GitHubActionsService] Finished operation Location.GetConnectionData
[2026-03-26 16:33:28Z INFO BrokerMessageListener] VssConnection created
[2026-03-26 16:33:28Z INFO Terminal] WRITE LINE: 
[2026-03-26 16:33:28Z INFO Terminal] WRITE LINE: 
[2026-03-26 16:33:28Z INFO RSAEncryptedFileKeyManager] Loading RSA key parameters from file D:\pcconfig\actions-runner\.credentials_rsaparams
[2026-03-26 16:33:28Z INFO RSAEncryptedFileKeyManager] Loading RSA key parameters from file D:\pcconfig\actions-runner\.credentials_rsaparams
[2026-03-26 16:33:30Z INFO GitHubActionsService] AAD Correlation ID for this token request: Unknown
[2026-03-26 16:33:35Z ERR  GitHubActionsService] POST request to https://broker.actions.githubusercontent.com/session failed. HTTP Status: Conflict
[2026-03-26 16:33:35Z ERR  BrokerMessageListener] Catch exception during create session.
[2026-03-26 16:33:35Z ERR  BrokerMessageListener] GitHub.DistributedTask.WebApi.TaskAgentSessionConflictException: Error: Conflict
   at GitHub.Actions.RunService.WebApi.BrokerHttpClient.CreateSessionAsync(TaskAgentSession session, CancellationToken cancellationToken)
   at GitHub.Runner.Common.BrokerServer.CreateSessionAsync(TaskAgentSession session, CancellationToken cancellationToken)
   at GitHub.Runner.Listener.BrokerMessageListener.CreateSessionAsync(CancellationToken token)
[2026-03-26 16:33:35Z INFO BrokerMessageListener] The session for this runner already exists.
[2026-03-26 16:33:35Z ERR  Terminal] WRITE ERROR: A session for this runner already exists.
[2026-03-26 16:33:35Z INFO BrokerMessageListener] The session conflict exception haven't reached retry limit.
[2026-03-26 16:33:35Z ERR  Terminal] WRITE ERROR: 2026-03-26 16:33:35Z: Runner connect error: Error: Conflict. Retrying until reconnected.
[2026-03-26 16:33:35Z INFO BrokerMessageListener] Sleeping for 30 seconds before retrying.
[2026-03-26 16:34:05Z INFO BrokerMessageListener] Attempt to create session.
[2026-03-26 16:34:05Z INFO BrokerMessageListener] Connecting to the Broker Server...
[2026-03-26 16:34:05Z INFO ConfigurationStore] HasCredentials()
[2026-03-26 16:34:05Z INFO ConfigurationStore] stored True
[2026-03-26 16:34:05Z INFO CredentialManager] GetCredentialProvider
[2026-03-26 16:34:05Z INFO CredentialManager] Creating type OAuth
[2026-03-26 16:34:05Z INFO CredentialManager] Creating credential type: OAuth
[2026-03-26 16:34:05Z INFO RSAEncryptedFileKeyManager] Loading RSA key parameters from file D:\pcconfig\actions-runner\.credentials_rsaparams
[2026-03-26 16:34:05Z INFO BrokerMessageListener] VssConnection created
[2026-03-26 16:34:05Z INFO BrokerMessageListener] Connecting to the Runner server...
[2026-03-26 16:34:05Z INFO RunnerServer] EstablishVssConnection
[2026-03-26 16:34:05Z INFO RunnerServer] Establish connection with 100 seconds timeout.
[2026-03-26 16:34:05Z INFO GitHubActionsService] Starting operation Location.GetConnectionData
[2026-03-26 16:34:05Z INFO RunnerServer] EstablishVssConnection
[2026-03-26 16:34:05Z INFO RunnerServer] Establish connection with 60 seconds timeout.
[2026-03-26 16:34:05Z INFO GitHubActionsService] Starting operation Location.GetConnectionData
[2026-03-26 16:34:05Z INFO RunnerServer] EstablishVssConnection
[2026-03-26 16:34:05Z INFO RunnerServer] Establish connection with 60 seconds timeout.
[2026-03-26 16:34:05Z INFO GitHubActionsService] Starting operation Location.GetConnectionData
[2026-03-26 16:34:06Z INFO GitHubActionsService] Finished operation Location.GetConnectionData
[2026-03-26 16:34:06Z INFO GitHubActionsService] Finished operation Location.GetConnectionData
[2026-03-26 16:34:06Z INFO GitHubActionsService] Finished operation Location.GetConnectionData
[2026-03-26 16:34:06Z INFO BrokerMessageListener] VssConnection created
[2026-03-26 16:34:06Z INFO Terminal] WRITE LINE: 
[2026-03-26 16:34:06Z INFO Terminal] WRITE LINE: 
[2026-03-26 16:34:06Z INFO RSAEncryptedFileKeyManager] Loading RSA key parameters from file D:\pcconfig\actions-runner\.credentials_rsaparams
[2026-03-26 16:34:06Z INFO RSAEncryptedFileKeyManager] Loading RSA key parameters from file D:\pcconfig\actions-runner\.credentials_rsaparams
[2026-03-26 16:34:06Z INFO GitHubActionsService] AAD Correlation ID for this token request: Unknown
[2026-03-26 16:34:09Z ERR  GitHubActionsService] POST request to https://broker.actions.githubusercontent.com/session failed. HTTP Status: Conflict
[2026-03-26 16:34:09Z ERR  BrokerMessageListener] Catch exception during create session.
[2026-03-26 16:34:09Z ERR  BrokerMessageListener] GitHub.DistributedTask.WebApi.TaskAgentSessionConflictException: Error: Conflict
   at GitHub.Actions.RunService.WebApi.BrokerHttpClient.CreateSessionAsync(TaskAgentSession session, CancellationToken cancellationToken)
   at GitHub.Runner.Common.BrokerServer.CreateSessionAsync(TaskAgentSession session, CancellationToken cancellationToken)
   at GitHub.Runner.Listener.BrokerMessageListener.CreateSessionAsync(CancellationToken token)
[2026-03-26 16:34:09Z INFO BrokerMessageListener] The session for this runner already exists.
[2026-03-26 16:34:09Z ERR  Terminal] WRITE ERROR: A session for this runner already exists.
[2026-03-26 16:34:09Z INFO BrokerMessageListener] The session conflict exception haven't reached retry limit.
[2026-03-26 16:34:09Z INFO BrokerMessageListener] Sleeping for 30 seconds before retrying.
[2026-03-26 16:34:39Z INFO BrokerMessageListener] Attempt to create session.
[2026-03-26 16:34:39Z INFO BrokerMessageListener] Connecting to the Broker Server...
[2026-03-26 16:34:39Z INFO ConfigurationStore] HasCredentials()
[2026-03-26 16:34:39Z INFO ConfigurationStore] stored True
[2026-03-26 16:34:39Z INFO CredentialManager] GetCredentialProvider
[2026-03-26 16:34:39Z INFO CredentialManager] Creating type OAuth
[2026-03-26 16:34:39Z INFO CredentialManager] Creating credential type: OAuth
[2026-03-26 16:34:39Z INFO RSAEncryptedFileKeyManager] Loading RSA key parameters from file D:\pcconfig\actions-runner\.credentials_rsaparams
[2026-03-26 16:34:39Z INFO BrokerMessageListener] VssConnection created
[2026-03-26 16:34:39Z INFO BrokerMessageListener] Connecting to the Runner server...
[2026-03-26 16:34:39Z INFO RunnerServer] EstablishVssConnection
[2026-03-26 16:34:39Z INFO RunnerServer] Establish connection with 100 seconds timeout.
[2026-03-26 16:34:39Z INFO GitHubActionsService] Starting operation Location.GetConnectionData
[2026-03-26 16:34:39Z INFO RunnerServer] EstablishVssConnection
[2026-03-26 16:34:39Z INFO RunnerServer] Establish connection with 60 seconds timeout.
[2026-03-26 16:34:39Z INFO GitHubActionsService] Starting operation Location.GetConnectionData
[2026-03-26 16:34:39Z INFO RunnerServer] EstablishVssConnection
[2026-03-26 16:34:39Z INFO RunnerServer] Establish connection with 60 seconds timeout.
[2026-03-26 16:34:39Z INFO GitHubActionsService] Starting operation Location.GetConnectionData
[2026-03-26 16:34:40Z INFO GitHubActionsService] Finished operation Location.GetConnectionData
[2026-03-26 16:34:40Z INFO GitHubActionsService] Finished operation Location.GetConnectionData
[2026-03-26 16:34:40Z INFO GitHubActionsService] Finished operation Location.GetConnectionData
[2026-03-26 16:34:40Z INFO BrokerMessageListener] VssConnection created
[2026-03-26 16:34:40Z INFO Terminal] WRITE LINE: 
[2026-03-26 16:34:40Z INFO Terminal] WRITE LINE: 
[2026-03-26 16:34:40Z INFO RSAEncryptedFileKeyManager] Loading RSA key parameters from file D:\pcconfig\actions-runner\.credentials_rsaparams
[2026-03-26 16:34:40Z INFO RSAEncryptedFileKeyManager] Loading RSA key parameters from file D:\pcconfig\actions-runner\.credentials_rsaparams
[2026-03-26 16:34:41Z INFO GitHubActionsService] AAD Correlation ID for this token request: Unknown
[2026-03-26 16:34:48Z ERR  GitHubActionsService] POST request to https://broker.actions.githubusercontent.com/session failed. HTTP Status: Conflict
[2026-03-26 16:34:48Z ERR  BrokerMessageListener] Catch exception during create session.
[2026-03-26 16:34:48Z ERR  BrokerMessageListener] GitHub.DistributedTask.WebApi.TaskAgentSessionConflictException: Error: Conflict
   at GitHub.Actions.RunService.WebApi.BrokerHttpClient.CreateSessionAsync(TaskAgentSession session, CancellationToken cancellationToken)
   at GitHub.Runner.Common.BrokerServer.CreateSessionAsync(TaskAgentSession session, CancellationToken cancellationToken)
   at GitHub.Runner.Listener.BrokerMessageListener.CreateSessionAsync(CancellationToken token)
[2026-03-26 16:34:48Z INFO BrokerMessageListener] The session for this runner already exists.
[2026-03-26 16:34:48Z ERR  Terminal] WRITE ERROR: A session for this runner already exists.
[2026-03-26 16:34:48Z INFO BrokerMessageListener] The session conflict exception haven't reached retry limit.
[2026-03-26 16:34:48Z INFO BrokerMessageListener] Sleeping for 30 seconds before retrying.
[2026-03-26 16:35:18Z INFO BrokerMessageListener] Attempt to create session.
[2026-03-26 16:35:18Z INFO BrokerMessageListener] Connecting to the Broker Server...
[2026-03-26 16:35:18Z INFO ConfigurationStore] HasCredentials()
[2026-03-26 16:35:18Z INFO ConfigurationStore] stored True
[2026-03-26 16:35:18Z INFO CredentialManager] GetCredentialProvider
[2026-03-26 16:35:18Z INFO CredentialManager] Creating type OAuth
[2026-03-26 16:35:18Z INFO CredentialManager] Creating credential type: OAuth
[2026-03-26 16:35:18Z INFO RSAEncryptedFileKeyManager] Loading RSA key parameters from file D:\pcconfig\actions-runner\.credentials_rsaparams
[2026-03-26 16:35:18Z INFO BrokerMessageListener] VssConnection created
[2026-03-26 16:35:18Z INFO BrokerMessageListener] Connecting to the Runner server...
[2026-03-26 16:35:18Z INFO RunnerServer] EstablishVssConnection
[2026-03-26 16:35:18Z INFO RunnerServer] Establish connection with 100 seconds timeout.
[2026-03-26 16:35:18Z INFO GitHubActionsService] Starting operation Location.GetConnectionData
[2026-03-26 16:35:18Z INFO RunnerServer] EstablishVssConnection
[2026-03-26 16:35:18Z INFO RunnerServer] Establish connection with 60 seconds timeout.
[2026-03-26 16:35:18Z INFO GitHubActionsService] Starting operation Location.GetConnectionData
[2026-03-26 16:35:18Z INFO RunnerServer] EstablishVssConnection
[2026-03-26 16:35:18Z INFO RunnerServer] Establish connection with 60 seconds timeout.
[2026-03-26 16:35:18Z INFO GitHubActionsService] Starting operation Location.GetConnectionData
[2026-03-26 16:35:19Z INFO GitHubActionsService] Finished operation Location.GetConnectionData
[2026-03-26 16:35:19Z INFO GitHubActionsService] Finished operation Location.GetConnectionData
[2026-03-26 16:35:19Z INFO GitHubActionsService] Finished operation Location.GetConnectionData
[2026-03-26 16:35:19Z INFO BrokerMessageListener] VssConnection created
[2026-03-26 16:35:19Z INFO Terminal] WRITE LINE: 
[2026-03-26 16:35:19Z INFO Terminal] WRITE LINE: 
[2026-03-26 16:35:19Z INFO RSAEncryptedFileKeyManager] Loading RSA key parameters from file D:\pcconfig\actions-runner\.credentials_rsaparams
[2026-03-26 16:35:19Z INFO RSAEncryptedFileKeyManager] Loading RSA key parameters from file D:\pcconfig\actions-runner\.credentials_rsaparams
[2026-03-26 16:35:20Z INFO GitHubActionsService] AAD Correlation ID for this token request: Unknown
[2026-03-26 16:35:21Z ERR  GitHubActionsService] POST request to https://broker.actions.githubusercontent.com/session failed. HTTP Status: Conflict
[2026-03-26 16:35:21Z ERR  BrokerMessageListener] Catch exception during create session.
[2026-03-26 16:35:21Z ERR  BrokerMessageListener] GitHub.DistributedTask.WebApi.TaskAgentSessionConflictException: Error: Conflict
   at GitHub.Actions.RunService.WebApi.BrokerHttpClient.CreateSessionAsync(TaskAgentSession session, CancellationToken cancellationToken)
   at GitHub.Runner.Common.BrokerServer.CreateSessionAsync(TaskAgentSession session, CancellationToken cancellationToken)
   at GitHub.Runner.Listener.BrokerMessageListener.CreateSessionAsync(CancellationToken token)
[2026-03-26 16:35:21Z INFO BrokerMessageListener] The session for this runner already exists.
[2026-03-26 16:35:21Z ERR  Terminal] WRITE ERROR: A session for this runner already exists.
[2026-03-26 16:35:21Z INFO BrokerMessageListener] The session conflict exception haven't reached retry limit.
[2026-03-26 16:35:21Z INFO BrokerMessageListener] Sleeping for 30 seconds before retrying.
[2026-03-26 16:35:51Z INFO BrokerMessageListener] Attempt to create session.
[2026-03-26 16:35:51Z INFO BrokerMessageListener] Connecting to the Broker Server...
[2026-03-26 16:35:51Z INFO ConfigurationStore] HasCredentials()
[2026-03-26 16:35:51Z INFO ConfigurationStore] stored True
[2026-03-26 16:35:51Z INFO CredentialManager] GetCredentialProvider
[2026-03-26 16:35:51Z INFO CredentialManager] Creating type OAuth
[2026-03-26 16:35:51Z INFO CredentialManager] Creating credential type: OAuth
[2026-03-26 16:35:51Z INFO RSAEncryptedFileKeyManager] Loading RSA key parameters from file D:\pcconfig\actions-runner\.credentials_rsaparams
[2026-03-26 16:35:51Z INFO BrokerMessageListener] VssConnection created
[2026-03-26 16:35:51Z INFO BrokerMessageListener] Connecting to the Runner server...
[2026-03-26 16:35:51Z INFO RunnerServer] EstablishVssConnection
[2026-03-26 16:35:51Z INFO RunnerServer] Establish connection with 100 seconds timeout.
[2026-03-26 16:35:51Z INFO GitHubActionsService] Starting operation Location.GetConnectionData
[2026-03-26 16:35:51Z INFO RunnerServer] EstablishVssConnection
[2026-03-26 16:35:51Z INFO RunnerServer] Establish connection with 60 seconds timeout.
[2026-03-26 16:35:51Z INFO GitHubActionsService] Starting operation Location.GetConnectionData
[2026-03-26 16:35:51Z INFO RunnerServer] EstablishVssConnection
[2026-03-26 16:35:51Z INFO RunnerServer] Establish connection with 60 seconds timeout.
[2026-03-26 16:35:51Z INFO GitHubActionsService] Starting operation Location.GetConnectionData
[2026-03-26 16:35:52Z INFO GitHubActionsService] Finished operation Location.GetConnectionData
[2026-03-26 16:35:52Z INFO GitHubActionsService] Finished operation Location.GetConnectionData
[2026-03-26 16:35:52Z INFO GitHubActionsService] Finished operation Location.GetConnectionData
[2026-03-26 16:35:52Z INFO BrokerMessageListener] VssConnection created
[2026-03-26 16:35:52Z INFO Terminal] WRITE LINE: 
[2026-03-26 16:35:52Z INFO Terminal] WRITE LINE: 
[2026-03-26 16:35:52Z INFO RSAEncryptedFileKeyManager] Loading RSA key parameters from file D:\pcconfig\actions-runner\.credentials_rsaparams
[2026-03-26 16:35:52Z INFO RSAEncryptedFileKeyManager] Loading RSA key parameters from file D:\pcconfig\actions-runner\.credentials_rsaparams
[2026-03-26 16:35:53Z INFO GitHubActionsService] AAD Correlation ID for this token request: Unknown
[2026-03-26 16:35:54Z ERR  GitHubActionsService] POST request to https://broker.actions.githubusercontent.com/session failed. HTTP Status: Conflict
[2026-03-26 16:35:54Z ERR  BrokerMessageListener] Catch exception during create session.
[2026-03-26 16:35:54Z ERR  BrokerMessageListener] GitHub.DistributedTask.WebApi.TaskAgentSessionConflictException: Error: Conflict
   at GitHub.Actions.RunService.WebApi.BrokerHttpClient.CreateSessionAsync(TaskAgentSession session, CancellationToken cancellationToken)
   at GitHub.Runner.Common.BrokerServer.CreateSessionAsync(TaskAgentSession session, CancellationToken cancellationToken)
   at GitHub.Runner.Listener.BrokerMessageListener.CreateSessionAsync(CancellationToken token)
[2026-03-26 16:35:54Z INFO BrokerMessageListener] The session for this runner already exists.
[2026-03-26 16:35:54Z ERR  Terminal] WRITE ERROR: A session for this runner already exists.
[2026-03-26 16:35:54Z INFO BrokerMessageListener] The session conflict exception haven't reached retry limit.
[2026-03-26 16:35:54Z INFO BrokerMessageListener] Sleeping for 30 seconds before retrying.
[2026-03-26 16:36:24Z INFO BrokerMessageListener] Attempt to create session.
[2026-03-26 16:36:24Z INFO BrokerMessageListener] Connecting to the Broker Server...
[2026-03-26 16:36:24Z INFO ConfigurationStore] HasCredentials()
[2026-03-26 16:36:24Z INFO ConfigurationStore] stored True
[2026-03-26 16:36:24Z INFO CredentialManager] GetCredentialProvider
[2026-03-26 16:36:24Z INFO CredentialManager] Creating type OAuth
[2026-03-26 16:36:24Z INFO CredentialManager] Creating credential type: OAuth
[2026-03-26 16:36:24Z INFO RSAEncryptedFileKeyManager] Loading RSA key parameters from file D:\pcconfig\actions-runner\.credentials_rsaparams
[2026-03-26 16:36:24Z INFO BrokerMessageListener] VssConnection created
[2026-03-26 16:36:24Z INFO BrokerMessageListener] Connecting to the Runner server...
[2026-03-26 16:36:24Z INFO RunnerServer] EstablishVssConnection
[2026-03-26 16:36:24Z INFO RunnerServer] Establish connection with 100 seconds timeout.
[2026-03-26 16:36:24Z INFO GitHubActionsService] Starting operation Location.GetConnectionData
[2026-03-26 16:36:24Z INFO RunnerServer] EstablishVssConnection
[2026-03-26 16:36:24Z INFO RunnerServer] Establish connection with 60 seconds timeout.
[2026-03-26 16:36:24Z INFO GitHubActionsService] Starting operation Location.GetConnectionData
[2026-03-26 16:36:24Z INFO RunnerServer] EstablishVssConnection
[2026-03-26 16:36:24Z INFO RunnerServer] Establish connection with 60 seconds timeout.
[2026-03-26 16:36:24Z INFO GitHubActionsService] Starting operation Location.GetConnectionData
[2026-03-26 16:36:25Z INFO GitHubActionsService] Finished operation Location.GetConnectionData
[2026-03-26 16:36:25Z INFO GitHubActionsService] Finished operation Location.GetConnectionData
[2026-03-26 16:36:25Z INFO GitHubActionsService] Finished operation Location.GetConnectionData
[2026-03-26 16:36:26Z INFO BrokerMessageListener] VssConnection created
[2026-03-26 16:36:26Z INFO Terminal] WRITE LINE: 
[2026-03-26 16:36:26Z INFO Terminal] WRITE LINE: 
[2026-03-26 16:36:26Z INFO RSAEncryptedFileKeyManager] Loading RSA key parameters from file D:\pcconfig\actions-runner\.credentials_rsaparams
[2026-03-26 16:36:26Z INFO RSAEncryptedFileKeyManager] Loading RSA key parameters from file D:\pcconfig\actions-runner\.credentials_rsaparams
[2026-03-26 16:36:26Z INFO GitHubActionsService] AAD Correlation ID for this token request: Unknown
[2026-03-26 16:36:27Z ERR  GitHubActionsService] POST request to https://broker.actions.githubusercontent.com/session failed. HTTP Status: Conflict
[2026-03-26 16:36:27Z ERR  BrokerMessageListener] Catch exception during create session.
[2026-03-26 16:36:27Z ERR  BrokerMessageListener] GitHub.DistributedTask.WebApi.TaskAgentSessionConflictException: Error: Conflict
   at GitHub.Actions.RunService.WebApi.BrokerHttpClient.CreateSessionAsync(TaskAgentSession session, CancellationToken cancellationToken)
   at GitHub.Runner.Common.BrokerServer.CreateSessionAsync(TaskAgentSession session, CancellationToken cancellationToken)
   at GitHub.Runner.Listener.BrokerMessageListener.CreateSessionAsync(CancellationToken token)
[2026-03-26 16:36:27Z INFO BrokerMessageListener] The session for this runner already exists.
[2026-03-26 16:36:27Z ERR  Terminal] WRITE ERROR: A session for this runner already exists.
[2026-03-26 16:36:27Z INFO BrokerMessageListener] The session conflict exception haven't reached retry limit.
[2026-03-26 16:36:27Z INFO BrokerMessageListener] Sleeping for 30 seconds before retrying.
[2026-03-26 16:36:43Z INFO HostContext] Runner will be shutdown for UserCancelled
[2026-03-26 16:36:43Z INFO Listener] Runner execution been cancelled.
