[2026-03-26 17:03:43Z INFO HostContext] No proxy settings were found based on environmental variables (http_proxy/https_proxy/HTTP_PROXY/HTTPS_PROXY)
[2026-03-26 17:03:43Z INFO HostContext] Well known directory 'Bin': 'D:\pcconfig\actions-runner\bin'
[2026-03-26 17:03:43Z INFO HostContext] Well known directory 'Root': 'D:\pcconfig\actions-runner'
[2026-03-26 17:03:43Z INFO HostContext] Well known config file 'Credentials': 'D:\pcconfig\actions-runner\.credentials'
[2026-03-26 17:03:44Z INFO HostContext] Well known directory 'Bin': 'D:\pcconfig\actions-runner\bin'
[2026-03-26 17:03:44Z INFO HostContext] Well known directory 'Root': 'D:\pcconfig\actions-runner'
[2026-03-26 17:03:44Z INFO HostContext] Well known config file 'Runner': 'D:\pcconfig\actions-runner\.runner'
[2026-03-26 17:03:44Z INFO Listener] Runner is built for Windows (X64) - win-x64.
[2026-03-26 17:03:44Z INFO Listener] RuntimeInformation: Microsoft Windows 10.0.26200.
[2026-03-26 17:03:44Z INFO Listener] Version: 2.333.0
[2026-03-26 17:03:44Z INFO Listener] Commit: 8d231aaf863e5fcdd02d35bdfda369feafd08adb
[2026-03-26 17:03:44Z INFO Listener] Culture: en-IN
[2026-03-26 17:03:44Z INFO Listener] UI Culture: en-GB
[2026-03-26 17:03:44Z INFO HostContext] Well known directory 'Bin': 'D:\pcconfig\actions-runner\bin'
[2026-03-26 17:03:44Z INFO HostContext] Well known directory 'Root': 'D:\pcconfig\actions-runner'
[2026-03-26 17:03:44Z INFO Listener] Validating directory permissions for: 'D:\pcconfig\actions-runner'
[2026-03-26 17:03:44Z INFO CommandLineParser] Parse
[2026-03-26 17:03:44Z INFO CommandLineParser] Parsing 3 args
[2026-03-26 17:03:44Z INFO CommandLineParser] parsing argument
[2026-03-26 17:03:44Z INFO CommandLineParser] HasArgs: False
[2026-03-26 17:03:44Z INFO CommandLineParser] Adding Command: run
[2026-03-26 17:03:44Z INFO CommandLineParser] parsing argument
[2026-03-26 17:03:44Z INFO CommandLineParser] HasArgs: True
[2026-03-26 17:03:44Z INFO CommandLineParser] arg: startuptype
[2026-03-26 17:03:44Z INFO CommandLineParser] parsing argument
[2026-03-26 17:03:44Z INFO CommandLineParser] HasArgs: True
[2026-03-26 17:03:44Z INFO CommandLineParser] Adding option 'startuptype': 'service'
[2026-03-26 17:03:44Z INFO Listener] Arguments parsed
[2026-03-26 17:03:44Z INFO Runner] ExecuteCommand
[2026-03-26 17:03:44Z INFO ConfigurationStore] currentAssemblyLocation: D:\pcconfig\actions-runner\bin\Runner.Listener.dll
[2026-03-26 17:03:44Z INFO HostContext] Well known directory 'Bin': 'D:\pcconfig\actions-runner\bin'
[2026-03-26 17:03:44Z INFO ConfigurationStore] binPath: D:\pcconfig\actions-runner\bin
[2026-03-26 17:03:44Z INFO HostContext] Well known directory 'Bin': 'D:\pcconfig\actions-runner\bin'
[2026-03-26 17:03:44Z INFO HostContext] Well known directory 'Root': 'D:\pcconfig\actions-runner'
[2026-03-26 17:03:44Z INFO ConfigurationStore] RootFolder: D:\pcconfig\actions-runner
[2026-03-26 17:03:44Z INFO HostContext] Well known directory 'Bin': 'D:\pcconfig\actions-runner\bin'
[2026-03-26 17:03:44Z INFO HostContext] Well known directory 'Root': 'D:\pcconfig\actions-runner'
[2026-03-26 17:03:44Z INFO HostContext] Well known config file 'Runner': 'D:\pcconfig\actions-runner\.runner'
[2026-03-26 17:03:44Z INFO ConfigurationStore] ConfigFilePath: D:\pcconfig\actions-runner\.runner
[2026-03-26 17:03:44Z INFO HostContext] Well known directory 'Bin': 'D:\pcconfig\actions-runner\bin'
[2026-03-26 17:03:44Z INFO HostContext] Well known directory 'Root': 'D:\pcconfig\actions-runner'
[2026-03-26 17:03:44Z INFO HostContext] Well known config file 'MigratedRunner': 'D:\pcconfig\actions-runner\.runner_migrated'
[2026-03-26 17:03:44Z INFO ConfigurationStore] MigratedConfigFilePath: D:\pcconfig\actions-runner\.runner_migrated
[2026-03-26 17:03:44Z INFO HostContext] Well known directory 'Bin': 'D:\pcconfig\actions-runner\bin'
[2026-03-26 17:03:44Z INFO HostContext] Well known directory 'Root': 'D:\pcconfig\actions-runner'
[2026-03-26 17:03:44Z INFO HostContext] Well known config file 'Credentials': 'D:\pcconfig\actions-runner\.credentials'
[2026-03-26 17:03:44Z INFO ConfigurationStore] CredFilePath: D:\pcconfig\actions-runner\.credentials
[2026-03-26 17:03:44Z INFO HostContext] Well known directory 'Bin': 'D:\pcconfig\actions-runner\bin'
[2026-03-26 17:03:44Z INFO HostContext] Well known directory 'Root': 'D:\pcconfig\actions-runner'
[2026-03-26 17:03:44Z INFO HostContext] Well known config file 'MigratedCredentials': 'D:\pcconfig\actions-runner\.credentials_migrated'
[2026-03-26 17:03:44Z INFO ConfigurationStore] MigratedCredFilePath: D:\pcconfig\actions-runner\.credentials_migrated
[2026-03-26 17:03:44Z INFO HostContext] Well known directory 'Bin': 'D:\pcconfig\actions-runner\bin'
[2026-03-26 17:03:44Z INFO HostContext] Well known directory 'Root': 'D:\pcconfig\actions-runner'
[2026-03-26 17:03:44Z INFO HostContext] Well known config file 'Service': 'D:\pcconfig\actions-runner\.service'
[2026-03-26 17:03:44Z INFO ConfigurationStore] ServiceConfigFilePath: D:\pcconfig\actions-runner\.service
[2026-03-26 17:03:44Z INFO CommandSettings] Flag 'help': 'False'
[2026-03-26 17:03:44Z INFO CommandSettings] Flag 'version': 'False'
[2026-03-26 17:03:44Z INFO CommandSettings] Flag 'commit': 'False'
[2026-03-26 17:03:44Z INFO CommandSettings] Flag 'check': 'False'
[2026-03-26 17:03:44Z INFO CommandSettings] Command 'configure': 'False'
[2026-03-26 17:03:44Z INFO CommandSettings] Command 'remove': 'False'
[2026-03-26 17:03:44Z INFO CommandSettings] Command 'warmup': 'False'
[2026-03-26 17:03:44Z INFO ConfigurationManager] LoadSettings
[2026-03-26 17:03:44Z INFO ConfigurationStore] IsConfigured()
[2026-03-26 17:03:44Z INFO ConfigurationStore] IsConfigured: True
[2026-03-26 17:03:44Z INFO ConfigurationManager] Is configured: True
[2026-03-26 17:03:44Z INFO ConfigurationStore] Read setting file: 400 chars
[2026-03-26 17:03:44Z INFO ConfigurationManager] Settings Loaded
[2026-03-26 17:03:44Z INFO ConfigurationStore] IsServiceConfigured()
[2026-03-26 17:03:44Z INFO ConfigurationStore] IsServiceConfigured: True
[2026-03-26 17:03:44Z INFO CommandSettings] Command 'run': 'True'
[2026-03-26 17:03:44Z INFO ConfigurationStore] IsConfigured()
[2026-03-26 17:03:44Z INFO ConfigurationStore] IsConfigured: True
[2026-03-26 17:03:44Z INFO ConfigurationManager] Is configured: True
[2026-03-26 17:03:44Z INFO Runner] Set runner startup type - Service
[2026-03-26 17:03:44Z INFO CommandSettings] Flag 'once': 'False'
[2026-03-26 17:03:44Z INFO CommandSettings] Flag 'once': 'False'
[2026-03-26 17:03:44Z INFO Runner] RunAsync
[2026-03-26 17:03:44Z INFO HostContext] Well known directory 'Bin': 'D:\pcconfig\actions-runner\bin'
[2026-03-26 17:03:44Z INFO HostContext] Well known directory 'Root': 'D:\pcconfig\actions-runner'
[2026-03-26 17:03:44Z INFO HostContext] Well known directory 'Work': 'D:\pcconfig\actions-runner\_work'
[2026-03-26 17:03:44Z INFO Runner] Validating directory permissions for: 'D:\pcconfig\actions-runner\_work'
[2026-03-26 17:03:44Z INFO ConfigurationManager] LoadMigratedSettings
[2026-03-26 17:03:44Z INFO ConfigurationStore] IsMigratedConfigured()
[2026-03-26 17:03:44Z INFO ConfigurationStore] IsMigratedConfigured: False
[2026-03-26 17:03:44Z INFO Runner] Failed to load migrated settings: No migrated configuration found.
[2026-03-26 17:03:44Z INFO Runner] Falling back to original .runner settings
[2026-03-26 17:03:44Z INFO Runner] Using BrokerMessageListener
[2026-03-26 17:03:44Z INFO BrokerMessageListener] Using provided settings
[2026-03-26 17:03:44Z INFO BrokerMessageListener] {
  "AgentId": 21,
  "AgentName": "JARVIS",
  "PoolId": 1,
  "PoolName": "Default",
  "ServerUrl": "https://pipelinesghubeus23.actions.githubusercontent.com/Of0P1w4zbgS9TfvcFwinRkqCRu13VoRpXpmuyPF6WXx8cshEQa/",
  "GitHubUrl": "https://github.com/VaishaghG/PC-Confgis-Web-Page",
  "WorkFolder": "_work",
  "UseV2Flow": true,
  "ServerUrlV2": "https://broker.actions.githubusercontent.com/"
}
[2026-03-26 17:03:44Z INFO BrokerMessageListener] Loading Credentials
[2026-03-26 17:03:44Z INFO ConfigurationStore] HasCredentials()
[2026-03-26 17:03:44Z INFO ConfigurationStore] stored True
[2026-03-26 17:03:44Z INFO CredentialManager] GetCredentialProvider
[2026-03-26 17:03:44Z INFO CredentialManager] Creating type OAuth
[2026-03-26 17:03:44Z INFO CredentialManager] Creating credential type: OAuth
[2026-03-26 17:03:44Z INFO HostContext] Well known directory 'Bin': 'D:\pcconfig\actions-runner\bin'
[2026-03-26 17:03:44Z INFO HostContext] Well known directory 'Root': 'D:\pcconfig\actions-runner'
[2026-03-26 17:03:44Z INFO HostContext] Well known config file 'RSACredentials': 'D:\pcconfig\actions-runner\.credentials_rsaparams'
[2026-03-26 17:03:44Z INFO RSAEncryptedFileKeyManager] Loading RSA key parameters from file D:\pcconfig\actions-runner\.credentials_rsaparams
[2026-03-26 17:03:44Z INFO BrokerMessageListener] Attempt to create session.
[2026-03-26 17:03:44Z INFO BrokerMessageListener] Connecting to the Broker Server...
[2026-03-26 17:03:44Z INFO ConfigurationStore] HasCredentials()
[2026-03-26 17:03:44Z INFO ConfigurationStore] stored True
[2026-03-26 17:03:44Z INFO CredentialManager] GetCredentialProvider
[2026-03-26 17:03:44Z INFO CredentialManager] Creating type OAuth
[2026-03-26 17:03:44Z INFO CredentialManager] Creating credential type: OAuth
[2026-03-26 17:03:44Z INFO RSAEncryptedFileKeyManager] Loading RSA key parameters from file D:\pcconfig\actions-runner\.credentials_rsaparams
[2026-03-26 17:03:44Z INFO BrokerMessageListener] VssConnection created
[2026-03-26 17:03:44Z INFO BrokerMessageListener] Connecting to the Runner server...
[2026-03-26 17:03:44Z INFO RunnerServer] EstablishVssConnection
[2026-03-26 17:03:44Z INFO RunnerServer] Establish connection with 100 seconds timeout.
[2026-03-26 17:03:44Z INFO GitHubActionsService] Starting operation Location.GetConnectionData
[2026-03-26 17:03:44Z INFO RunnerServer] EstablishVssConnection
[2026-03-26 17:03:44Z INFO RunnerServer] Establish connection with 60 seconds timeout.
[2026-03-26 17:03:44Z INFO GitHubActionsService] Starting operation Location.GetConnectionData
[2026-03-26 17:03:44Z INFO RunnerServer] EstablishVssConnection
[2026-03-26 17:03:44Z INFO RunnerServer] Establish connection with 60 seconds timeout.
[2026-03-26 17:03:44Z INFO GitHubActionsService] Starting operation Location.GetConnectionData
[2026-03-26 17:03:46Z INFO GitHubActionsService] Finished operation Location.GetConnectionData
[2026-03-26 17:03:46Z INFO GitHubActionsService] Finished operation Location.GetConnectionData
[2026-03-26 17:03:46Z INFO GitHubActionsService] Finished operation Location.GetConnectionData
[2026-03-26 17:03:46Z INFO BrokerMessageListener] VssConnection created
[2026-03-26 17:03:46Z INFO Terminal] WRITE LINE: 
[2026-03-26 17:03:46Z INFO Terminal] WRITE LINE: 
[2026-03-26 17:03:46Z INFO RSAEncryptedFileKeyManager] Loading RSA key parameters from file D:\pcconfig\actions-runner\.credentials_rsaparams
[2026-03-26 17:03:46Z INFO RSAEncryptedFileKeyManager] Loading RSA key parameters from file D:\pcconfig\actions-runner\.credentials_rsaparams
[2026-03-26 17:03:47Z INFO GitHubActionsService] AAD Correlation ID for this token request: Unknown
[2026-03-26 17:03:48Z INFO BrokerMessageListener] Session created.
[2026-03-26 17:03:48Z INFO Terminal] WRITE LINE: Current runner version: '2.333.0'
[2026-03-26 17:03:48Z INFO Terminal] WRITE LINE: 2026-03-26 17:03:48Z: Listening for Jobs
[2026-03-26 17:03:48Z INFO JobDispatcher] Set runner/worker IPC timeout to 30 seconds.
[2026-03-26 17:54:31Z INFO RSAEncryptedFileKeyManager] Loading RSA key parameters from file D:\pcconfig\actions-runner\.credentials_rsaparams
[2026-03-26 17:54:32Z INFO GitHubActionsService] AAD Correlation ID for this token request: Unknown
